Using pre-set license
Built from '2021.1/staging' branch; Version is '2021.1.19f1 (5f5eb8bbdc25) revision 6250168'; Using compiler version '192528614'; Build Type 'Release'
OS: 'Windows 10 Home; OS build 19042.1586; Version 2009; 64bit' Language: 'zh' Physical Memory: 16198 MB
BatchMode: 1, IsHumanControllingUs: 0, StartBugReporterOnCrash: 0, Is64bit: 1, IsPro: 0

COMMAND LINE ARGUMENTS:
D:\Unity\Hub\Editor\2021.1.19f1\Editor\Unity.exe
-adb2
-batchMode
-noUpm
-name
AssetImportWorker0
-projectPath
D:/Unity_git/TUE_grass-mud-horse/TUE_jl3su6183
-logFile
Logs/AssetImportWorker0.log
-srvPort
54348
Successfully changed project path to: D:/Unity_git/TUE_grass-mud-horse/TUE_jl3su6183
D:/Unity_git/TUE_grass-mud-horse/TUE_jl3su6183
Using Asset Import Pipeline V2.
Refreshing native plugins compatible for Editor in 112.38 ms, found 8 plugins.
Preloading 0 native plugins for Editor in 0.00 ms.
Initialize engine version: 2021.1.19f1 (5f5eb8bbdc25)
[Subsystems] Discovering subsystems at path D:/Unity/Hub/Editor/2021.1.19f1/Editor/Data/Resources/UnitySubsystems
[Subsystems] Discovering subsystems at path D:/Unity_git/TUE_grass-mud-horse/TUE_jl3su6183/Assets
GfxDevice: creating device client; threaded=0; jobified=0
Direct3D:
    Version:  Direct3D 11.0 [level 11.1]
    Renderer: NVIDIA GeForce MX150 (ID=0x1d12)
    Vendor:   NVIDIA
    VRAM:     1983 MB
    Driver:   27.21.14.6259
Initialize mono
Mono path[0] = 'D:/Unity/Hub/Editor/2021.1.19f1/Editor/Data/Managed'
Mono path[1] = 'D:/Unity/Hub/Editor/2021.1.19f1/Editor/Data/MonoBleedingEdge/lib/mono/unityjit'
Mono config path = 'D:/Unity/Hub/Editor/2021.1.19f1/Editor/Data/MonoBleedingEdge/etc'
Using monoOptions --debugger-agent=transport=dt_socket,embedding=1,server=y,suspend=n,address=127.0.0.1:56580
Begin MonoManager ReloadAssembly
Registering precompiled unity dll's ...
Register platform support module: D:/Unity/Hub/Editor/2021.1.19f1/Editor/Data/PlaybackEngines/WindowsStandaloneSupport/UnityEditor.WindowsStandalone.Extensions.dll
Registered in 0.001417 seconds.
Native extension for WindowsStandalone target not found
Refreshing native plugins compatible for Editor in 98.14 ms, found 8 plugins.
Preloading 0 native plugins for Editor in 0.00 ms.
Mono: successfully reloaded assembly
- Completed reload, in  2.120 seconds
Domain Reload Profiling:
	ReloadAssembly (2120ms)
		BeginReloadAssembly (78ms)
			ExecutionOrderSort (0ms)
			DisableScriptedObjects (0ms)
			BackupInstance (0ms)
			ReleaseScriptingObjects (0ms)
			CreateAndSetChildDomain (1ms)
		EndReloadAssembly (518ms)
			LoadAssemblies (77ms)
			RebuildTransferFunctionScriptingTraits (0ms)
			SetupTypeCache (173ms)
			ReleaseScriptCaches (0ms)
			RebuildScriptCaches (33ms)
			SetupLoadedEditorAssemblies (268ms)
				LogAssemblyErrors (0ms)
				InitializePlatformSupportModulesInManaged (6ms)
				SetLoadedEditorAssemblies (0ms)
				RefreshPlugins (98ms)
				BeforeProcessingInitializeOnLoad (1ms)
				ProcessInitializeOnLoadAttributes (123ms)
				ProcessInitializeOnLoadMethodAttributes (39ms)
				AfterProcessingInitializeOnLoad (0ms)
				EditorAssembliesLoaded (0ms)
			ExecutionOrderSort2 (0ms)
			AwakeInstancesAfterBackupRestoration (0ms)
Platform modules already initialized, skipping
Registering precompiled user dll's ...
Registered in 0.006497 seconds.
Begin MonoManager ReloadAssembly
Symbol file LoadedFromMemory doesn't match image D:\Unity_git\TUE_grass-mud-horse\TUE_jl3su6183\Library\PackageCache\com.unity.visualscripting@1.6.1\Editor\VisualScripting.Core\Dependencies\YamlDotNet\Unity.VisualScripting.YamlDotNet.dll
Symbol file LoadedFromMemory doesn't match image D:\Unity_git\TUE_grass-mud-horse\TUE_jl3su6183\Library\PackageCache\com.unity.visualscripting@1.6.1\Editor\VisualScripting.Core\Dependencies\DotNetZip\Unity.VisualScripting.IonicZip.dll
Native extension for WindowsStandalone target not found
Refreshing native plugins compatible for Editor in 0.89 ms, found 8 plugins.
Preloading 0 native plugins for Editor in 0.00 ms.
Received signal SIGSEGV
Stack trace:
0x00007ff61187aca8 (Unity) <lambda_88a709b3b671b0ca13d98e48172ea63d>::operator()
0x00007ff6118b1260 (Unity) LMDB_Transaction::Run
0x00007ff6118b15b4 (Unity) SourceAssetDBWriteTxn::Run
0x00007ff611887bba (Unity) SourceAssetScanner::Refresh
0x00007ff61185cd79 (Unity) ImportAtPathV2
0x00007ff6117fb932 (Unity) AssetDatabase::ImportAtPath
0x00007ff61184aa79 (Unity) CreateFolderV2
0x00007ff6117f3cbe (Unity) AssetDatabase::CreateFolder
0x00007ff611d677b0 (Unity) AssetDatabaseBindings::CreateFolder
0x00007ff611cd33f7 (Unity) AssetDatabase_CUSTOM_CreateFolder
0x000001ab5b72372d (Mono JIT Code) (wrapper managed-to-native) UnityEditor.AssetDatabase:CreateFolder (string,string)
0x000001ab5b721f7b (Mono JIT Code) [EditorUtilities.cs:69] UnityEditor.XR.Management.EditorUtilities:GetAssetPathForComponents (string[],string) 
0x000001ab5b70db23 (Mono JIT Code) [XRPackageInitialization.cs:152] UnityEditor.XR.Management.XRPackageInitializationBootstrap:InitializeLoaderFromMetadata (string,System.Collections.Generic.List`1<UnityEditor.XR.Management.Metadata.IXRLoaderMetadata>) 
0x000001ab5b70cd53 (Mono JIT Code) [XRPackageInitialization.cs:130] UnityEditor.XR.Management.XRPackageInitializationBootstrap:InitializePackageFromMetadata (UnityEditor.XR.Management.Metadata.IXRPackage,UnityEditor.XR.Management.Metadata.IXRPackageMetadata) 
0x000001ab5b705b7b (Mono JIT Code) [XRPackageInitialization.cs:118] UnityEditor.XR.Management.XRPackageInitializationBootstrap:InitPackage (UnityEditor.XR.Management.Metadata.IXRPackage) 
0x000001ab5b704e73 (Mono JIT Code) [XRPackageInitialization.cs:76] UnityEditor.XR.Management.XRPackageInitializationBootstrap:BeginPackageInitialization () 
0x000001ab5b7048db (Mono JIT Code) [XRPackageInitialization.cs:53] UnityEditor.XR.Management.XRPackageInitializationBootstrap:.cctor () 
0x000001ab5b70390d (Mono JIT Code) (wrapper runtime-invoke) object:runtime_invoke_void (object,intptr,intptr,intptr)
0x00007ffb1a51e670 (mono-2.0-bdwgc) [mini-runtime.c:2816] mono_jit_runtime_invoke 
0x00007ffb1a4a2af2 (mono-2.0-bdwgc) [object.c:2921] do_runtime_invoke 
0x00007ffb1a4ab20c (mono-2.0-bdwgc) [object.c:477] mono_runtime_class_init_full 
0x00007ffb1a458d5e (mono-2.0-bdwgc) [icall.c:990] ves_icall_System_Runtime_CompilerServices_RuntimeHelpers_RunClassConstructor 
0x000001ab56352660 (Mono JIT Code) (wrapper managed-to-native) System.Runtime.CompilerServices.RuntimeHelpers:RunClassConstructor (intptr)
0x000001ab5635254b (Mono JIT Code) System.Runtime.CompilerServices.RuntimeHelpers:RunClassConstructor (System.RuntimeTypeHandle)
0x000001ab5635216b (Mono JIT Code) UnityEditor.EditorAssemblies:ProcessInitializeOnLoadAttributes (System.Type[])
0x000001ab576fce20 (Mono JIT Code) (wrapper runtime-invoke) <Module>:runtime_invoke_void_object (object,intptr,intptr,intptr)
0x00007ffb1a51e670 (mono-2.0-bdwgc) [mini-runtime.c:2816] mono_jit_runtime_invoke 
0x00007ffb1a4a2af2 (mono-2.0-bdwgc) [object.c:2921] do_runtime_invoke 
0x00007ffb1a4abb4f (mono-2.0-bdwgc) [object.c:2968] mono_runtime_invoke 
0x00007ff610ec1b84 (Unity) scripting_method_invoke
0x00007ff610ebd1f1 (Unity) ScriptingInvocation::Invoke
0x00007ff610eb7475 (Unity) ScriptingInvocation::Invoke<void>
0x00007ff6101f1633 (Unity) Scripting::UnityEditor::EditorAssembliesProxy::ProcessInitializeOnLoadAttributes
0x00007ff610e97b4f (Unity) MonoManager::SetupLoadedEditorAssemblies
0x00007ff610e8eebd (Unity) MonoManager::EndReloadAssembly
0x00007ff610e95cfe (Unity) MonoManager::ReloadAssembly
0x00007ff6116370b2 (Unity) LoadDomainAndUserAssemblies
0x00007ff61163746c (Unity) LoadUserAssemblies
0x00007ff61136d932 (Unity) Application::InitializeProject
0x00007ff61177f4b7 (Unity) WinMain
0x00007ff6132e6e62 (Unity) __scrt_common_main_seh
0x00007ffba7a27034 (KERNEL32) BaseThreadInitThunk
0x00007ffba9522651 (ntdll) RtlUserThreadStart

