Using pre-set license
Built from '2021.1/staging' branch; Version is '2021.1.19f1 (5f5eb8bbdc25) revision 6250168'; Using compiler version '192528614'; Build Type 'Release'
OS: 'Windows 10 Home; OS build 19042.1586; Version 2009; 64bit' Language: 'zh' Physical Memory: 16198 MB
BatchMode: 1, IsHumanControllingUs: 0, StartBugReporterOnCrash: 0, Is64bit: 1, IsPro: 0

COMMAND LINE ARGUMENTS:
D:\Unity\Hub\Editor\2021.1.19f1\Editor\Unity.exe
-adb2
-batchMode
-noUpm
-name
AssetImportWorker0
-projectPath
D:/Unity_git/TUE_grass-mud-horse/TUE_hl3su6a83
-logFile
Logs/AssetImportWorker0.log
-srvPort
61508
Successfully changed project path to: D:/Unity_git/TUE_grass-mud-horse/TUE_hl3su6a83
D:/Unity_git/TUE_grass-mud-horse/TUE_hl3su6a83
Using Asset Import Pipeline V2.
Refreshing native plugins compatible for Editor in 120.86 ms, found 8 plugins.
Preloading 0 native plugins for Editor in 0.00 ms.
Initialize engine version: 2021.1.19f1 (5f5eb8bbdc25)
[Subsystems] Discovering subsystems at path D:/Unity/Hub/Editor/2021.1.19f1/Editor/Data/Resources/UnitySubsystems
[Subsystems] Discovering subsystems at path D:/Unity_git/TUE_grass-mud-horse/TUE_hl3su6a83/Assets
GfxDevice: creating device client; threaded=0; jobified=0
Direct3D:
    Version:  Direct3D 11.0 [level 11.1]
    Renderer: NVIDIA GeForce MX150 (ID=0x1d12)
    Vendor:   NVIDIA
    VRAM:     1983 MB
    Driver:   27.21.14.6259
Initialize mono
Mono path[0] = 'D:/Unity/Hub/Editor/2021.1.19f1/Editor/Data/Managed'
Mono path[1] = 'D:/Unity/Hub/Editor/2021.1.19f1/Editor/Data/MonoBleedingEdge/lib/mono/unityjit'
Mono config path = 'D:/Unity/Hub/Editor/2021.1.19f1/Editor/Data/MonoBleedingEdge/etc'
Using monoOptions --debugger-agent=transport=dt_socket,embedding=1,server=y,suspend=n,address=127.0.0.1:56724
Begin MonoManager ReloadAssembly
Registering precompiled unity dll's ...
Register platform support module: D:/Unity/Hub/Editor/2021.1.19f1/Editor/Data/PlaybackEngines/WindowsStandaloneSupport/UnityEditor.WindowsStandalone.Extensions.dll
Registered in 0.001493 seconds.
Native extension for WindowsStandalone target not found
Refreshing native plugins compatible for Editor in 104.71 ms, found 8 plugins.
Preloading 0 native plugins for Editor in 0.00 ms.
Mono: successfully reloaded assembly
- Completed reload, in  1.792 seconds
Domain Reload Profiling:
	ReloadAssembly (1793ms)
		BeginReloadAssembly (76ms)
			ExecutionOrderSort (0ms)
			DisableScriptedObjects (0ms)
			BackupInstance (0ms)
			ReleaseScriptingObjects (0ms)
			CreateAndSetChildDomain (1ms)
		EndReloadAssembly (541ms)
			LoadAssemblies (75ms)
			RebuildTransferFunctionScriptingTraits (0ms)
			SetupTypeCache (201ms)
			ReleaseScriptCaches (0ms)
			RebuildScriptCaches (37ms)
			SetupLoadedEditorAssemblies (253ms)
				LogAssemblyErrors (0ms)
				InitializePlatformSupportModulesInManaged (7ms)
				SetLoadedEditorAssemblies (0ms)
				RefreshPlugins (105ms)
				BeforeProcessingInitializeOnLoad (2ms)
				ProcessInitializeOnLoadAttributes (107ms)
				ProcessInitializeOnLoadMethodAttributes (32ms)
				AfterProcessingInitializeOnLoad (0ms)
				EditorAssembliesLoaded (0ms)
			ExecutionOrderSort2 (0ms)
			AwakeInstancesAfterBackupRestoration (0ms)
Platform modules already initialized, skipping
Registering precompiled user dll's ...
Registered in 0.007528 seconds.
Begin MonoManager ReloadAssembly
Symbol file LoadedFromMemory doesn't match image D:\Unity_git\TUE_grass-mud-horse\TUE_hl3su6a83\Library\PackageCache\com.unity.visualscripting@1.6.1\Editor\VisualScripting.Core\Dependencies\YamlDotNet\Unity.VisualScripting.YamlDotNet.dll
Symbol file LoadedFromMemory doesn't match image D:\Unity_git\TUE_grass-mud-horse\TUE_hl3su6a83\Library\PackageCache\com.unity.visualscripting@1.6.1\Editor\VisualScripting.Core\Dependencies\DotNetZip\Unity.VisualScripting.IonicZip.dll
Native extension for WindowsStandalone target not found
Refreshing native plugins compatible for Editor in 0.99 ms, found 8 plugins.
Preloading 0 native plugins for Editor in 0.00 ms.
Mono: successfully reloaded assembly
- Completed reload, in  1.369 seconds
Domain Reload Profiling:
	ReloadAssembly (1370ms)
		BeginReloadAssembly (181ms)
			ExecutionOrderSort (0ms)
			DisableScriptedObjects (5ms)
			BackupInstance (0ms)
			ReleaseScriptingObjects (0ms)
			CreateAndSetChildDomain (26ms)
		EndReloadAssembly (1126ms)
			LoadAssemblies (123ms)
			RebuildTransferFunctionScriptingTraits (0ms)
			SetupTypeCache (421ms)
			ReleaseScriptCaches (1ms)
			RebuildScriptCaches (56ms)
			SetupLoadedEditorAssemblies (424ms)
				LogAssemblyErrors (0ms)
				InitializePlatformSupportModulesInManaged (5ms)
				SetLoadedEditorAssemblies (0ms)
				RefreshPlugins (1ms)
				BeforeProcessingInitializeOnLoad (92ms)
				ProcessInitializeOnLoadAttributes (317ms)
				ProcessInitializeOnLoadMethodAttributes (4ms)
				AfterProcessingInitializeOnLoad (4ms)
				EditorAssembliesLoaded (0ms)
			ExecutionOrderSort2 (0ms)
			AwakeInstancesAfterBackupRestoration (6ms)
Platform modules already initialized, skipping
========================================================================
Worker process is ready to serve import requests
Launched and connected shader compiler UnityShaderCompiler.exe after 0.07 seconds
Refreshing native plugins compatible for Editor in 0.85 ms, found 8 plugins.
Preloading 0 native plugins for Editor in 0.00 ms.
Unloading 3197 Unused Serialized files (Serialized files now loaded: 0)
System memory in use before: 117.6 MB.
System memory in use after: 117.7 MB.

Unloading 38 unused Assets to reduce memory usage. Loaded Objects now: 3629.
Total: 4.234100 ms (FindLiveObjects: 0.284400 ms CreateObjectMapping: 0.157400 ms MarkObjects: 3.647500 ms  DeleteObjects: 0.143700 ms)

AssetImportParameters requested are different than current active one (requested -> active):
  custom:framework-win-MediaFoundation: 216162199b28c13a410421893ffa2e32 -> 
  custom:video-decoder-ogg-theora: a1e56fd34408186e4bbccfd4996cb3dc -> 
  custom:container-muxer-webm: aa71ff27fc2769a1b78a27578f13a17b -> 
  custom:container-demuxer-webm: 4f35f7cbe854078d1ac9338744f61a02 -> 
  custom:container-demuxer-ogg: 62fdf1f143b41e24485cea50d1cbac27 -> 
  custom:video-encoder-webm-vp8: eb34c28f22e8b96e1ab97ce403110664 -> 
  custom:video-decoder-webm-vp8: 9c59270c3fd7afecdb556c50c9e8de78 -> 
  custom:audio-decoder-ogg-vorbis: bf7c407c2cedff20999df2af8eb42d56 -> 
  custom:audio-encoder-webm-vorbis: bf7c407c2cedff20999df2af8eb42d56 -> 
========================================================================
Received Import Request.
  path: Assets/GoogleVR/Prefabs/Controller/GvrControllerMain.prefab
  artifactKey: Guid(5ca80f4596fa44b87912a0592346d260) Importer(815301076,1909f56bfc062723c751e8b465ee728b)
Start importing Assets/GoogleVR/Prefabs/Controller/GvrControllerMain.prefab using Guid(5ca80f4596fa44b87912a0592346d260) Importer(815301076,1909f56bfc062723c751e8b465ee728b)  -> (artifact id: 'f152385d5641193f63ffafeb55a02814') in 0.046372 seconds 
========================================================================
Received Import Request.
  Time since last request: 0.000343 seconds.
  path: Assets/GoogleVR/Scripts
  artifactKey: Guid(c2c73ecf174ef89489fed74f68f5a8bb) Importer(815301076,1909f56bfc062723c751e8b465ee728b)
Start importing Assets/GoogleVR/Scripts using Guid(c2c73ecf174ef89489fed74f68f5a8bb) Importer(815301076,1909f56bfc062723c751e8b465ee728b)  -> (artifact id: '615a979793ea064dbcba96a0576ce3bc') in 0.001916 seconds 
========================================================================
Received Import Request.
  Time since last request: 0.000396 seconds.
  path: Assets/GoogleVR/Prefabs/GvrEditorEmulator.prefab
  artifactKey: Guid(970dd4b9371394fb4890965f608d46fd) Importer(815301076,1909f56bfc062723c751e8b465ee728b)
Start importing Assets/GoogleVR/Prefabs/GvrEditorEmulator.prefab using Guid(970dd4b9371394fb4890965f608d46fd) Importer(815301076,1909f56bfc062723c751e8b465ee728b)  -> (artifact id: '450cfa9941a7c14c7e257977501b98b3') in 0.006381 seconds 
========================================================================
Received Import Request.
  Time since last request: 0.000784 seconds.
  path: Assets/GoogleVR/Prefabs/Controller/GvrControllerPointer.prefab
  artifactKey: Guid(34c21f523e72f45509a4e37ed0293c3b) Importer(815301076,1909f56bfc062723c751e8b465ee728b)
Start importing Assets/GoogleVR/Prefabs/Controller/GvrControllerPointer.prefab using Guid(34c21f523e72f45509a4e37ed0293c3b) Importer(815301076,1909f56bfc062723c751e8b465ee728b)  -> (artifact id: '7ad79b765cd4c65072fbf703bbf8529c') in 0.099397 seconds 
========================================================================
Received Import Request.
  Time since last request: 0.354574 seconds.
  path: Assets/GoogleVR/Prefabs/Cardboard
  artifactKey: Guid(c489fb63c2fdf2a4f811d3de45190c63) Importer(815301076,1909f56bfc062723c751e8b465ee728b)
Start importing Assets/GoogleVR/Prefabs/Cardboard using Guid(c489fb63c2fdf2a4f811d3de45190c63) Importer(815301076,1909f56bfc062723c751e8b465ee728b)  -> (artifact id: '9596bf9341bd68591f42381d76f392ea') in 0.002745 seconds 
========================================================================
Received Import Request.
  Time since last request: 0.367314 seconds.
  path: Assets/GoogleVR/Prefabs/Cardboard/GvrReticlePointer.prefab
  artifactKey: Guid(60270cf52a5e94998a5a335989159738) Importer(815301076,1909f56bfc062723c751e8b465ee728b)
Start importing Assets/GoogleVR/Prefabs/Cardboard/GvrReticlePointer.prefab using Guid(60270cf52a5e94998a5a335989159738) Importer(815301076,1909f56bfc062723c751e8b465ee728b)  -> (artifact id: 'fbee6920e6c5ff5f73e875fa4d349d05') in 0.005223 seconds 
========================================================================
Received Import Request.
  Time since last request: 62.648521 seconds.
  path: Assets/GoogleVR/Prefabs/Controller/Tooltips
  artifactKey: Guid(5e904c325a4b7d243abbf0eba74f1dae) Importer(815301076,1909f56bfc062723c751e8b465ee728b)
Start importing Assets/GoogleVR/Prefabs/Controller/Tooltips using Guid(5e904c325a4b7d243abbf0eba74f1dae) Importer(815301076,1909f56bfc062723c751e8b465ee728b)  -> (artifact id: 'a5fc9847070ec1c47a882b557bbfdf9b') in 0.003448 seconds 
========================================================================
Received Prepare
Registering precompiled user dll's ...
Registered in 0.006259 seconds.
Begin MonoManager ReloadAssembly
Symbol file LoadedFromMemory doesn't match image D:\Unity_git\TUE_grass-mud-horse\TUE_hl3su6a83\Library\PackageCache\com.unity.visualscripting@1.6.1\Editor\VisualScripting.Core\Dependencies\YamlDotNet\Unity.VisualScripting.YamlDotNet.dll
Symbol file LoadedFromMemory doesn't match image D:\Unity_git\TUE_grass-mud-horse\TUE_hl3su6a83\Library\PackageCache\com.unity.visualscripting@1.6.1\Editor\VisualScripting.Core\Dependencies\DotNetZip\Unity.VisualScripting.IonicZip.dll
Native extension for WindowsStandalone target not found
Refreshing native plugins compatible for Editor in 1.02 ms, found 8 plugins.
Preloading 0 native plugins for Editor in 0.00 ms.
Mono: successfully reloaded assembly
- Completed reload, in  1.281 seconds
Domain Reload Profiling:
	ReloadAssembly (1282ms)
		BeginReloadAssembly (175ms)
			ExecutionOrderSort (0ms)
			DisableScriptedObjects (5ms)
			BackupInstance (0ms)
			ReleaseScriptingObjects (0ms)
			CreateAndSetChildDomain (51ms)
		EndReloadAssembly (1034ms)
			LoadAssemblies (127ms)
			RebuildTransferFunctionScriptingTraits (0ms)
			SetupTypeCache (401ms)
			ReleaseScriptCaches (1ms)
			RebuildScriptCaches (48ms)
			SetupLoadedEditorAssemblies (371ms)
				LogAssemblyErrors (0ms)
				InitializePlatformSupportModulesInManaged (5ms)
				SetLoadedEditorAssemblies (0ms)
				RefreshPlugins (1ms)
				BeforeProcessingInitializeOnLoad (65ms)
				ProcessInitializeOnLoadAttributes (291ms)
				ProcessInitializeOnLoadMethodAttributes (5ms)
				AfterProcessingInitializeOnLoad (3ms)
				EditorAssembliesLoaded (0ms)
			ExecutionOrderSort2 (0ms)
			AwakeInstancesAfterBackupRestoration (8ms)
Platform modules already initialized, skipping
Refreshing native plugins compatible for Editor in 1.09 ms, found 8 plugins.
Preloading 0 native plugins for Editor in 0.00 ms.
Unloading 3176 Unused Serialized files (Serialized files now loaded: 0)
System memory in use before: 119.9 MB.
System memory in use after: 120.1 MB.

Unloading 33 unused Assets to reduce memory usage. Loaded Objects now: 3640.
Total: 6.503600 ms (FindLiveObjects: 0.401500 ms CreateObjectMapping: 0.224100 ms MarkObjects: 5.709000 ms  DeleteObjects: 0.167800 ms)

AssetImportParameters requested are different than current active one (requested -> active):
  custom:framework-win-MediaFoundation: 216162199b28c13a410421893ffa2e32 -> 
  custom:video-decoder-ogg-theora: a1e56fd34408186e4bbccfd4996cb3dc -> 
  custom:container-muxer-webm: aa71ff27fc2769a1b78a27578f13a17b -> 
  custom:container-demuxer-webm: 4f35f7cbe854078d1ac9338744f61a02 -> 
  custom:container-demuxer-ogg: 62fdf1f143b41e24485cea50d1cbac27 -> 
  custom:video-encoder-webm-vp8: eb34c28f22e8b96e1ab97ce403110664 -> 
  custom:video-decoder-webm-vp8: 9c59270c3fd7afecdb556c50c9e8de78 -> 
  custom:audio-decoder-ogg-vorbis: bf7c407c2cedff20999df2af8eb42d56 -> 
  custom:audio-encoder-webm-vorbis: bf7c407c2cedff20999df2af8eb42d56 -> 
AssetImportWorkerClient::OnTransportError - code=2 error=End of file
